  Level.cpp
C:\Users\wpc0006\Documents\GitHub\CU4012-2nd-Coursework-Template\CU4012-SFML\Player.h(17,29): warning C4244: 'return': conversion from 'int' to 'float', possible loss of data
C:\Users\wpc0006\Documents\GitHub\CU4012-2nd-Coursework-Template\CU4012-SFML\Level.cpp(145,77): warning C4244: 'argument': conversion from 'T' to 'T', possible loss of data
          with
          [
              T=unsigned int
          ]
          and
          [
              T=float
          ]
C:\Users\wpc0006\Documents\GitHub\CU4012-2nd-Coursework-Template\CU4012-SFML\Level.cpp(145,56): warning C4244: 'argument': conversion from 'T' to 'T', possible loss of data
          with
          [
              T=unsigned int
          ]
          and
          [
              T=float
          ]
C:\Users\wpc0006\Documents\GitHub\CU4012-2nd-Coursework-Template\CU4012-SFML\Level.cpp(173,22): warning C4244: 'argument': conversion from 'double' to 'float', possible loss of data
C:\Users\wpc0006\Documents\GitHub\CU4012-2nd-Coursework-Template\CU4012-SFML\Level.cpp(266,53): warning C4244: 'argument': conversion from 'T' to 'float', possible loss of data
          with
          [
              T=unsigned int
          ]
C:\Users\wpc0006\Documents\GitHub\CU4012-2nd-Coursework-Template\CU4012-SFML\Level.cpp(266,32): warning C4244: 'argument': conversion from 'T' to 'float', possible loss of data
          with
          [
              T=unsigned int
          ]
  CU4012-SFML.vcxproj -> C:\Users\wpc0006\Documents\GitHub\CU4012-2nd-Coursework-Template\x64\Debug\CU4012-SFML.exe
